TN:
SF:src/Kickstarter.sol
DA:31,24
FN:31,Kickstarter.constructor
FNDA:24,Kickstarter.constructor
DA:32,24
DA:67,3
FN:67,Kickstarter.onlyOwner
FNDA:3,Kickstarter.onlyOwner
DA:68,3
BRDA:68,0,0,1
DA:69,1
DA:74,18
FN:74,Kickstarter.createCampaign
FNDA:18,Kickstarter.createCampaign
DA:78,18
DA:88,18
DA:90,18
DA:92,18
DA:95,12
FN:95,Kickstarter.vote
FNDA:12,Kickstarter.vote
DA:97,12
BRDA:97,1,0,1
DA:98,1
DA:102,1
BRDA:102,2,0,1
DA:103,1
DA:112,10
BRDA:112,3,0,1
DA:113,1
DA:116,9
DA:117,9
DA:118,9
DA:120,9
DA:123,9
DA:125,1
BRDA:125,4,0,1
DA:126,1
DA:129,9
DA:132,4
FN:132,Kickstarter.unvote
FNDA:4,Kickstarter.unvote
DA:134,4
BRDA:134,5,0,1
DA:135,1
DA:139,1
BRDA:139,6,0,1
DA:140,1
DA:143,2
DA:146,2
BRDA:146,7,0,1
DA:147,1
DA:150,1
DA:151,1
DA:152,1
DA:154,1
DA:156,1
DA:157,1
BRDA:157,8,0,-
DA:158,0
DA:160,1
DA:163,9
FN:163,Kickstarter.closeCampaign
FNDA:9,Kickstarter.closeCampaign
DA:165,10
BRDA:165,9,0,1
DA:166,1
DA:170,1
BRDA:170,10,0,1
DA:171,1
DA:175,8
DA:177,8
DA:178,8
DA:181,8
BRDA:181,11,0,7
BRDA:181,11,1,1
DA:182,7
DA:184,1
DA:185,1
DA:187,1
DA:189,1
DA:192,1
BRDA:192,12,0,-
DA:193,0
DA:197,8
DA:200,3
FN:200,Kickstarter.claimFunds
FNDA:3,Kickstarter.claimFunds
DA:201,2
BRDA:201,13,0,2
DA:202,2
DA:203,2
BRDA:203,14,0,-
DA:204,0
DA:208,2
DA:211,8
FN:211,Kickstarter.getCampaign
FNDA:8,Kickstarter.getCampaign
DA:214,8
BRDA:214,15,0,1
DA:215,1
DA:218,7
FNF:8
FNH:8
LF:68
LH:65
BRF:17
BRH:14
end_of_record
TN:
SF:test/Kickstarter.t.sol
DA:9,0
FN:9,RejectingContract.fallback
FNDA:0,RejectingContract.fallback
DA:10,0
FNF:1
FNH:0
LF:2
LH:0
BRF:0
BRH:0
end_of_record
